<?xml version="1.0" encoding="UTF-8"?>
<!-- Generated by org.testng.reporters.JUnitXMLReporter -->
<testsuite hostname="DESKTOP-EK0HI42" ignored="0" name="Homepage Test" tests="2" failures="0" timestamp="19 Nov 2021 18:05:06 GMT" time="132.932" errors="0">
  <testcase name="basepageNavigation" time="107.458" classname="SandipFoundation.EndtoendPRoject.Homepage"/>
  <testcase name="basepageNavigation" time="20.513" classname="SandipFoundation.EndtoendPRoject.Homepage"/>
</testsuite> <!-- Homepage Test -->
