<?xml version="1.0" encoding="UTF-8"?>
<!-- Generated by org.testng.reporters.JUnitXMLReporter -->
<testsuite hostname="DESKTOP-EK0HI42" ignored="0" name="HomepageTest" tests="2" failures="0" timestamp="29 Nov 2021 17:36:39 GMT" time="127.13" errors="0">
  <testcase name="basepageNavigation" time="109.426" classname="SandipFoundation.EndtoendPRoject.Homepage"/>
  <testcase name="basepageNavigation" time="13.509" classname="SandipFoundation.EndtoendPRoject.Homepage"/>
</testsuite> <!-- HomepageTest -->
