<?xml version="1.0" encoding="UTF-8"?>
<!-- Generated by org.testng.reporters.JUnitXMLReporter -->
<testsuite hostname="DESKTOP-EK0HI42" ignored="0" name="Test" tests="4" failures="0" timestamp="17 Nov 2021 17:45:24 GMT" time="135.263" errors="0">
  <testcase name="basepageNavigation" time="0.114" classname="SandipFoundation.EndtoendPRoject.validateNavigationBar"/>
  <testcase name="basepageNavigation" time="0.058" classname="SandipFoundation.EndtoendPRoject.validateTitle"/>
  <testcase name="basepageNavigation" time="42.948" classname="SandipFoundation.EndtoendPRoject.Homepage"/>
  <testcase name="basepageNavigation" time="8.89" classname="SandipFoundation.EndtoendPRoject.Homepage"/>
</testsuite> <!-- Test -->
