<?xml version="1.0" encoding="UTF-8"?>
<!-- Generated by org.testng.reporters.JUnitXMLReporter -->
<testsuite hostname="DESKTOP-EK0HI42" ignored="0" name="ValidateTest" tests="2" failures="0" timestamp="29 Nov 2021 17:36:22 GMT" time="110.507" errors="0">
  <testcase name="validateHeader" time="0.188" classname="SandipFoundation.EndtoendPRoject.validateTitle"/>
  <testcase name="validateTitleonpage" time="0.062" classname="SandipFoundation.EndtoendPRoject.validateTitle"/>
</testsuite> <!-- ValidateTest -->
