<?xml version="1.0" encoding="UTF-8"?>
<!-- Generated by org.testng.reporters.JUnitXMLReporter -->
<testsuite hostname="DESKTOP-EK0HI42" ignored="0" name="HomepageTest" tests="2" failures="0" timestamp="29 Nov 2021 17:03:30 GMT" time="125.847" errors="0">
  <testcase name="basepageNavigation" time="112.13" classname="SandipFoundation.EndtoendPRoject.Homepage"/>
  <testcase name="basepageNavigation" time="9.42" classname="SandipFoundation.EndtoendPRoject.Homepage"/>
</testsuite> <!-- HomepageTest -->
