<?xml version="1.0" encoding="UTF-8"?>
<!-- Generated by org.testng.reporters.JUnitXMLReporter -->
<testsuite hostname="DESKTOP-EK0HI42" ignored="0" name="Homepage Test" tests="2" failures="0" timestamp="18 Nov 2021 11:17:04 GMT" time="213.262" errors="0">
  <testcase name="basepageNavigation" time="184.202" classname="SandipFoundation.EndtoendPRoject.Homepage"/>
  <testcase name="basepageNavigation" time="24.337" classname="SandipFoundation.EndtoendPRoject.Homepage"/>
</testsuite> <!-- Homepage Test -->
