<?xml version="1.0" encoding="UTF-8"?>
<!-- Generated by org.testng.reporters.JUnitXMLReporter -->
<testsuite hostname="DESKTOP-EK0HI42" ignored="0" name="ValidateTest" tests="2" failures="1" timestamp="29 Nov 2021 17:03:11 GMT" time="107.577" errors="0">
  <testcase name="validateHeader" time="0.002" classname="SandipFoundation.EndtoendPRoject.validateTitle">
    <failure type="java.lang.NullPointerException">
      <![CDATA[java.lang.NullPointerException
at SandipFoundation.EndtoendPRoject.validateTitle.validateHeader(validateTitle.java:40)
at java.util.concurrent.FutureTask.run(FutureTask.java:266)
at java.util.concurrent.ThreadPoolExecutor.runWorker(ThreadPoolExecutor.java:1149)
at java.util.concurrent.ThreadPoolExecutor$Worker.run(ThreadPoolExecutor.java:624)
at java.lang.Thread.run(Thread.java:748)
... Removed 16 stack frames]]>
    </failure>
  </testcase> <!-- validateHeader -->
  <testcase name="validateTitleonpage" time="0.104" classname="SandipFoundation.EndtoendPRoject.validateTitle"/>
</testsuite> <!-- ValidateTest -->
