<?xml version="1.0" encoding="UTF-8"?>
<testng-results skipped="0" failed="1" ignored="0" total="5" passed="4">
  <reporter-output>
  </reporter-output>
  <suite name="Suite" duration-ms="125847" started-at="2021-11-29T17:01:24Z" finished-at="2021-11-29T17:03:30Z">
    <groups>
    </groups>
    <test name="AppTestTest" duration-ms="5" started-at="2021-11-29T17:01:24Z" finished-at="2021-11-29T17:01:24Z">
    </test> <!-- AppTestTest -->
    <test name="ValidateTest" duration-ms="107577" started-at="2021-11-29T17:01:24Z" finished-at="2021-11-29T17:03:11Z">
      <class name="SandipFoundation.EndtoendPRoject.validateTitle">
        <test-method status="PASS" signature="openURL()[pri:0, instance:SandipFoundation.EndtoendPRoject.validateTitle@4e423aa2]" name="openURL" is-config="true" duration-ms="106388" started-at="2021-11-29T17:01:24Z" finished-at="2021-11-29T17:03:10Z">
          <reporter-output>
          </reporter-output>
        </test-method> <!-- openURL -->
        <test-method status="FAIL" signature="validateHeader()[pri:0, instance:SandipFoundation.EndtoendPRoject.validateTitle@4e423aa2]" name="validateHeader" duration-ms="2" started-at="2021-11-29T17:03:10Z" finished-at="2021-11-29T17:03:10Z">
          <exception class="java.lang.NullPointerException">
            <full-stacktrace>
              <![CDATA[java.lang.NullPointerException
at SandipFoundation.EndtoendPRoject.validateTitle.validateHeader(validateTitle.java:40)
at sun.reflect.NativeMethodAccessorImpl.invoke0(Native Method)
at sun.reflect.NativeMethodAccessorImpl.invoke(NativeMethodAccessorImpl.java:62)
at sun.reflect.DelegatingMethodAccessorImpl.invoke(DelegatingMethodAccessorImpl.java:43)
at java.lang.reflect.Method.invoke(Method.java:498)
at org.testng.internal.MethodInvocationHelper.invokeMethod(MethodInvocationHelper.java:124)
at org.testng.internal.Invoker.invokeMethod(Invoker.java:583)
at org.testng.internal.Invoker.invokeTestMethod(Invoker.java:719)
at org.testng.internal.Invoker.invokeTestMethods(Invoker.java:989)
at org.testng.internal.TestMethodWorker.invokeTestMethods(TestMethodWorker.java:125)
at org.testng.internal.TestMethodWorker.run(TestMethodWorker.java:109)
at org.testng.TestRunner.privateRun(TestRunner.java:648)
at org.testng.TestRunner.run(TestRunner.java:505)
at org.testng.SuiteRunner.runTest(SuiteRunner.java:455)
at org.testng.SuiteRunner.access$000(SuiteRunner.java:40)
at org.testng.SuiteRunner$SuiteWorker.run(SuiteRunner.java:489)
at org.testng.internal.thread.ThreadUtil$1.call(ThreadUtil.java:52)
at java.util.concurrent.FutureTask.run(FutureTask.java:266)
at java.util.concurrent.ThreadPoolExecutor.runWorker(ThreadPoolExecutor.java:1149)
at java.util.concurrent.ThreadPoolExecutor$Worker.run(ThreadPoolExecutor.java:624)
at java.lang.Thread.run(Thread.java:748)
]]>
            </full-stacktrace>
          </exception> <!-- java.lang.NullPointerException -->
          <reporter-output>
          </reporter-output>
        </test-method> <!-- validateHeader -->
        <test-method status="PASS" signature="validateTitleonpage()[pri:0, instance:SandipFoundation.EndtoendPRoject.validateTitle@4e423aa2]" name="validateTitleonpage" duration-ms="104" started-at="2021-11-29T17:03:11Z" finished-at="2021-11-29T17:03:11Z">
          <reporter-output>
          </reporter-output>
        </test-method> <!-- validateTitleonpage -->
        <test-method status="PASS" signature="closeBrowser()[pri:0, instance:SandipFoundation.EndtoendPRoject.validateTitle@4e423aa2]" name="closeBrowser" is-config="true" duration-ms="272" started-at="2021-11-29T17:03:11Z" finished-at="2021-11-29T17:03:11Z">
          <reporter-output>
          </reporter-output>
        </test-method> <!-- closeBrowser -->
      </class> <!-- SandipFoundation.EndtoendPRoject.validateTitle -->
    </test> <!-- ValidateTest -->
    <test name="NavigationTest" duration-ms="110252" started-at="2021-11-29T17:01:24Z" finished-at="2021-11-29T17:03:14Z">
      <class name="SandipFoundation.EndtoendPRoject.validateNavigationBar">
        <test-method status="PASS" signature="openURL()[pri:0, instance:SandipFoundation.EndtoendPRoject.validateNavigationBar@76b1e9b8]" name="openURL" is-config="true" duration-ms="109767" started-at="2021-11-29T17:01:24Z" finished-at="2021-11-29T17:03:14Z">
          <reporter-output>
          </reporter-output>
        </test-method> <!-- openURL -->
        <test-method status="PASS" signature="basepageNAvBarStatus()[pri:0, instance:SandipFoundation.EndtoendPRoject.validateNavigationBar@76b1e9b8]" name="basepageNAvBarStatus" duration-ms="264" started-at="2021-11-29T17:03:14Z" finished-at="2021-11-29T17:03:14Z">
          <reporter-output>
          </reporter-output>
        </test-method> <!-- basepageNAvBarStatus -->
        <test-method status="PASS" signature="closeBrowser()[pri:0, instance:SandipFoundation.EndtoendPRoject.validateNavigationBar@76b1e9b8]" name="closeBrowser" is-config="true" duration-ms="218" started-at="2021-11-29T17:03:14Z" finished-at="2021-11-29T17:03:14Z">
          <reporter-output>
          </reporter-output>
        </test-method> <!-- closeBrowser -->
      </class> <!-- SandipFoundation.EndtoendPRoject.validateNavigationBar -->
    </test> <!-- NavigationTest -->
    <test name="HomepageTest" duration-ms="125847" started-at="2021-11-29T17:01:24Z" finished-at="2021-11-29T17:03:30Z">
      <class name="SandipFoundation.EndtoendPRoject.Homepage">
        <test-method status="PASS" signature="openURL()[pri:0, instance:SandipFoundation.EndtoendPRoject.Homepage@742ff096]" name="openURL" is-config="true" duration-ms="4052" started-at="2021-11-29T17:01:24Z" finished-at="2021-11-29T17:01:28Z">
          <reporter-output>
          </reporter-output>
        </test-method> <!-- openURL -->
        <test-method status="PASS" signature="basepageNavigation(java.lang.String, java.lang.String)[pri:0, instance:SandipFoundation.EndtoendPRoject.Homepage@742ff096]" name="basepageNavigation" duration-ms="112130" started-at="2021-11-29T17:01:28Z" data-provider="getData" finished-at="2021-11-29T17:03:20Z">
          <params>
            <param index="0">
              <value>
                <![CDATA[nonrestircted@gmail.com]]>
              </value>
            </param>
            <param index="1">
              <value>
                <![CDATA[12345]]>
              </value>
            </param>
          </params>
          <reporter-output>
          </reporter-output>
        </test-method> <!-- basepageNavigation -->
        <test-method status="PASS" signature="basepageNavigation(java.lang.String, java.lang.String)[pri:0, instance:SandipFoundation.EndtoendPRoject.Homepage@742ff096]" name="basepageNavigation" duration-ms="9420" started-at="2021-11-29T17:03:20Z" data-provider="getData" finished-at="2021-11-29T17:03:29Z">
          <params>
            <param index="0">
              <value>
                <![CDATA[restircted@gmail.com]]>
              </value>
            </param>
            <param index="1">
              <value>
                <![CDATA[1234534]]>
              </value>
            </param>
          </params>
          <reporter-output>
          </reporter-output>
        </test-method> <!-- basepageNavigation -->
        <test-method status="PASS" signature="closeBrowser()[pri:0, instance:SandipFoundation.EndtoendPRoject.Homepage@742ff096]" name="closeBrowser" is-config="true" duration-ms="173" started-at="2021-11-29T17:03:29Z" finished-at="2021-11-29T17:03:30Z">
          <reporter-output>
          </reporter-output>
        </test-method> <!-- closeBrowser -->
      </class> <!-- SandipFoundation.EndtoendPRoject.Homepage -->
    </test> <!-- HomepageTest -->
  </suite> <!-- Suite -->
</testng-results>
